[2021-09-29 02:11:29,077] {taskinstance.py:876} INFO - Dependencies all met for <TaskInstance: bank_term_deposit.clear_db 2021-09-29T02:06:16.625672+00:00 [None]>
[2021-09-29 02:11:29,091] {taskinstance.py:876} INFO - Dependencies all met for <TaskInstance: bank_term_deposit.clear_db 2021-09-29T02:06:16.625672+00:00 [None]>
[2021-09-29 02:11:29,092] {taskinstance.py:1067} INFO - 
--------------------------------------------------------------------------------
[2021-09-29 02:11:29,092] {taskinstance.py:1068} INFO - Starting attempt 1 of 2
[2021-09-29 02:11:29,093] {taskinstance.py:1069} INFO - 
--------------------------------------------------------------------------------
[2021-09-29 02:11:29,099] {taskinstance.py:1087} INFO - Executing <Task(PythonOperator): clear_db> on 2021-09-29T02:06:16.625672+00:00
[2021-09-29 02:11:29,104] {standard_task_runner.py:52} INFO - Started process 865 to run task
[2021-09-29 02:11:29,108] {standard_task_runner.py:76} INFO - Running: ['***', 'tasks', 'run', 'bank_term_deposit', 'clear_db', '2021-09-29T02:06:16.625672+00:00', '--job-id', '5', '--pool', 'default_pool', '--raw', '--subdir', 'DAGS_FOLDER/RunP1.py', '--cfg-path', '/tmp/tmpmnf3jr0k', '--error-file', '/tmp/tmpk9vnf6lc']
[2021-09-29 02:11:29,109] {standard_task_runner.py:77} INFO - Job 5: Subtask clear_db
[2021-09-29 02:11:29,142] {logging_mixin.py:104} INFO - Running <TaskInstance: bank_term_deposit.clear_db 2021-09-29T02:06:16.625672+00:00 [running]> on host 8e65cd15c929
[2021-09-29 02:11:29,180] {taskinstance.py:1282} INFO - Exporting the following env vars:
AIRFLOW_CTX_DAG_EMAIL=***@example.com
AIRFLOW_CTX_DAG_OWNER=datath
AIRFLOW_CTX_DAG_ID=bank_term_deposit
AIRFLOW_CTX_TASK_ID=clear_db
AIRFLOW_CTX_EXECUTION_DATE=2021-09-29T02:06:16.625672+00:00
AIRFLOW_CTX_DAG_RUN_ID=manual__2021-09-29T02:06:16.625672+00:00
[2021-09-29 02:11:29,303] {python.py:151} INFO - Done. Returned value was: None
[2021-09-29 02:11:29,311] {taskinstance.py:1191} INFO - Marking task as SUCCESS. dag_id=bank_term_deposit, task_id=clear_db, execution_date=20210929T020616, start_date=20210929T021129, end_date=20210929T021129
[2021-09-29 02:11:29,328] {taskinstance.py:1245} INFO - 0 downstream tasks scheduled from follow-on schedule check
[2021-09-29 02:11:29,360] {local_task_job.py:151} INFO - Task exited with return code 0
